<?xml version="1.0" encoding="UTF-8"?>
<testng-results ignored="0" total="0" passed="0" failed="0" skipped="0">
  <reporter-output>
  </reporter-output>
  <suite started-at="2021-09-26T21:48:17 CEST" name="test.BaseTest" finished-at="2021-09-26T21:48:17 CEST" duration-ms="8">
    <groups>
    </groups>
    <test started-at="2021-09-26T21:48:17 CEST" name="Command line test" finished-at="2021-09-26T21:48:17 CEST" duration-ms="8">
    </test> <!-- Command line test -->
  </suite> <!-- test.BaseTest -->
</testng-results>
